#
# There is insufficient memory for the Java Runtime Environment to continue.
# Native memory allocation (malloc) failed to allocate 1230576 bytes for Chunk::new
# Possible reasons:
#   The system is out of physical RAM or swap space
#   The process is running with CompressedOops enabled, and the Java Heap may be blocking the growth of the native heap
# Possible solutions:
#   Reduce memory load on the system
#   Increase physical memory or swap space
#   Check if swap backing store is full
#   Decrease Java heap size (-Xmx/-Xms)
#   Decrease number of Java threads
#   Decrease Java thread stack sizes (-Xss)
#   Set larger code cache with -XX:ReservedCodeCacheSize=
#   JVM is running with Unscaled Compressed Oops mode in which the Java heap is
#     placed in the first 4GB address space. The Java Heap base address is the
#     maximum limit for the native heap growth. Please use -XX:HeapBaseMinAddress
#     to set the Java Heap base and to place the Java Heap above 4GB virtual address.
# This output file may be truncated or incomplete.
#
#  Out of Memory Error (./src/hotspot/share/memory/arena.cpp:197), pid=144, tid=8152
#
# JRE version: OpenJDK Runtime Environment (11.0.12+7) (build 11.0.12+7-b1504.28-7817840)
# Java VM: OpenJDK 64-Bit Server VM (11.0.12+7-b1504.28-7817840, mixed mode, tiered, compressed oops, g1 gc, windows-amd64)
# No core dump will be written. Minidumps are not enabled by default on client versions of Windows
#

---------------  S U M M A R Y ------------

Command Line: --add-opens=java.base/java.util=ALL-UNNAMED --add-opens=java.base/java.lang=ALL-UNNAMED --add-opens=java.base/java.lang.invoke=ALL-UNNAMED --add-opens=java.base/java.util=ALL-UNNAMED --add-opens=java.prefs/java.util.prefs=ALL-UNNAMED --add-opens=java.prefs/java.util.prefs=ALL-UNNAMED --add-opens=java.base/java.nio.charset=ALL-UNNAMED --add-opens=java.base/java.net=ALL-UNNAMED --add-opens=java.base/java.util.concurrent.atomic=ALL-UNNAMED -Xmx2048m -Dfile.encoding=UTF-8 -Duser.country=KR -Duser.language=ko -Duser.variant org.gradle.launcher.daemon.bootstrap.GradleDaemon 7.3.3

Host: 11th Gen Intel(R) Core(TM) i5-1135G7 @ 2.40GHz, 8 cores, 15G,  Windows 10 , 64 bit Build 19041 (10.0.19041.1741)
Time: Tue Jul 12 01:44:58 2022 대한민국 표준시 elapsed time: 4.903324 seconds (0d 0h 0m 4s)

---------------  T H R E A D  ---------------

Current thread (0x0000016656798800):  JavaThread "C2 CompilerThread2" daemon [_thread_in_native, id=8152, stack(0x000000112c200000,0x000000112c300000)]


Current CompileTask:
C2:   4903 3732       4       groovy.lang.MetaClassImpl$1MOPIter::methodNameAction (325 bytes)

Stack: [0x000000112c200000,0x000000112c300000]
Native frames: (J=compiled Java code, j=interpreted, Vv=VM code, C=native code)
V  [jvm.dll+0x5fbcea]
V  [jvm.dll+0x731905]
V  [jvm.dll+0x732f1d]
V  [jvm.dll+0x7335d3]
V  [jvm.dll+0x247bf8]
V  [jvm.dll+0xc018c]
V  [jvm.dll+0xc06cc]
V  [jvm.dll+0x35b31d]
V  [jvm.dll+0x19cebc]
V  [jvm.dll+0x20070e]
V  [jvm.dll+0x1ff794]
V  [jvm.dll+0x18868c]
V  [jvm.dll+0x20e0d7]
V  [jvm.dll+0x20c901]
V  [jvm.dll+0x6f9b7f]
V  [jvm.dll+0x6f26a5]
V  [jvm.dll+0x5fabf6]
C  [ucrtbase.dll+0x21bb2]
C  [KERNEL32.DLL+0x17034]
C  [ntdll.dll+0x52651]


---------------  P R O C E S S  ---------------

Threads class SMR info:
_java_thread_list=0x00000166554f5170, length=37, elements={
0x0000016635f6c000, 0x00000166513ef000, 0x00000166513fa000, 0x000001665141d000,
0x0000016651473000, 0x0000016651474800, 0x0000016651475800, 0x000001665147b800,
0x0000016651485000, 0x00000166515ed800, 0x000001665344f800, 0x00000166548e7800,
0x000001665240a000, 0x000001665350e000, 0x0000016653b7f000, 0x00000166538fb000,
0x00000166541e2800, 0x0000016652f58000, 0x0000016652b48000, 0x000001665388d000,
0x0000016653936000, 0x000001665393b800, 0x0000016653938800, 0x0000016653937800,
0x000001665393b000, 0x000001665393c800, 0x0000016653939000, 0x000001665393a000,
0x0000016653936800, 0x00000166550e5800, 0x00000166550e0800, 0x0000016656798800,
0x00000166550e6800, 0x00000166550e4800, 0x00000166550e1800, 0x00000166550ed000,
0x00000166550ed800
}

Java Threads: ( => current thread )
  0x0000016635f6c000 JavaThread "main" [_thread_blocked, id=9644, stack(0x0000001129400000,0x0000001129500000)]
  0x00000166513ef000 JavaThread "Reference Handler" daemon [_thread_blocked, id=18312, stack(0x0000001129b00000,0x0000001129c00000)]
  0x00000166513fa000 JavaThread "Finalizer" daemon [_thread_blocked, id=8068, stack(0x0000001129c00000,0x0000001129d00000)]
  0x000001665141d000 JavaThread "Signal Dispatcher" daemon [_thread_blocked, id=12812, stack(0x0000001129d00000,0x0000001129e00000)]
  0x0000016651473000 JavaThread "Attach Listener" daemon [_thread_blocked, id=9248, stack(0x0000001129e00000,0x0000001129f00000)]
  0x0000016651474800 JavaThread "Service Thread" daemon [_thread_blocked, id=1100, stack(0x0000001129f00000,0x000000112a000000)]
  0x0000016651475800 JavaThread "C2 CompilerThread0" daemon [_thread_in_native, id=11804, stack(0x000000112a000000,0x000000112a100000)]
  0x000001665147b800 JavaThread "C1 CompilerThread0" daemon [_thread_blocked, id=18124, stack(0x000000112a100000,0x000000112a200000)]
  0x0000016651485000 JavaThread "Sweeper thread" daemon [_thread_blocked, id=9464, stack(0x000000112a200000,0x000000112a300000)]
  0x00000166515ed800 JavaThread "Common-Cleaner" daemon [_thread_blocked, id=5528, stack(0x000000112a300000,0x000000112a400000)]
  0x000001665344f800 JavaThread "Daemon health stats" [_thread_blocked, id=4860, stack(0x000000112ab00000,0x000000112ac00000)]
  0x00000166548e7800 JavaThread "Incoming local TCP Connector on port 52885" [_thread_in_native, id=12516, stack(0x000000112a500000,0x000000112a600000)]
  0x000001665240a000 JavaThread "Daemon periodic checks" [_thread_blocked, id=18776, stack(0x000000112ac00000,0x000000112ad00000)]
  0x000001665350e000 JavaThread "Daemon" [_thread_blocked, id=15224, stack(0x000000112ad00000,0x000000112ae00000)]
  0x0000016653b7f000 JavaThread "Handler for socket connection from /127.0.0.1:52885 to /127.0.0.1:52886" [_thread_in_native, id=16468, stack(0x000000112ae00000,0x000000112af00000)]
  0x00000166538fb000 JavaThread "Cancel handler" [_thread_blocked, id=16332, stack(0x000000112af00000,0x000000112b000000)]
  0x00000166541e2800 JavaThread "Daemon worker" [_thread_in_vm, id=19452, stack(0x000000112b000000,0x000000112b100000)]
  0x0000016652f58000 JavaThread "C2 CompilerThread1" daemon [_thread_in_native, id=15044, stack(0x000000112b100000,0x000000112b200000)]
  0x0000016652b48000 JavaThread "Asynchronous log dispatcher for DefaultDaemonConnection: socket connection from /127.0.0.1:52885 to /127.0.0.1:52886" [_thread_blocked, id=8960, stack(0x000000112b200000,0x000000112b300000)]
  0x000001665388d000 JavaThread "Stdin handler" [_thread_blocked, id=9956, stack(0x000000112b300000,0x000000112b400000)]
  0x0000016653936000 JavaThread "Daemon client event forwarder" [_thread_blocked, id=10904, stack(0x000000112b400000,0x000000112b500000)]
  0x000001665393b800 JavaThread "Cache worker for journal cache (C:\Users\hanmw\.gradle\caches\journal-1)" [_thread_blocked, id=17468, stack(0x000000112b500000,0x000000112b600000)]
  0x0000016653938800 JavaThread "File lock request listener" [_thread_in_native, id=13752, stack(0x000000112b600000,0x000000112b700000)]
  0x0000016653937800 JavaThread "Cache worker for file hash cache (C:\Users\hanmw\.gradle\caches\7.3.3\fileHashes)" [_thread_blocked, id=14220, stack(0x000000112b700000,0x000000112b800000)]
  0x000001665393b000 JavaThread "Cache worker for file hash cache (C:\Users\hanmw\Desktop\android project\KiosckCoffe\.gradle\7.3.3\fileHashes)" [_thread_blocked, id=10284, stack(0x000000112bb00000,0x000000112bc00000)]
  0x000001665393c800 JavaThread "File watcher server" daemon [_thread_in_native, id=13700, stack(0x000000112bc00000,0x000000112bd00000)]
  0x0000016653939000 JavaThread "File watcher consumer" daemon [_thread_blocked, id=14472, stack(0x000000112bd00000,0x000000112be00000)]
  0x000001665393a000 JavaThread "Cache worker for checksums cache (C:\Users\hanmw\Desktop\android project\KiosckCoffe\.gradle\7.3.3\checksums)" [_thread_blocked, id=17852, stack(0x000000112be00000,0x000000112bf00000)]
  0x0000016653936800 JavaThread "Cache worker for cache directory md-supplier (C:\Users\hanmw\.gradle\caches\7.3.3\md-supplier)" [_thread_blocked, id=16036, stack(0x000000112bf00000,0x000000112c000000)]
  0x00000166550e5800 JavaThread "Cache worker for cache directory md-rule (C:\Users\hanmw\.gradle\caches\7.3.3\md-rule)" [_thread_blocked, id=11336, stack(0x000000112c000000,0x000000112c100000)]
  0x00000166550e0800 JavaThread "Cache worker for execution history cache (C:\Users\hanmw\.gradle\caches\7.3.3\executionHistory)" [_thread_blocked, id=18444, stack(0x000000112c100000,0x000000112c200000)]
=>0x0000016656798800 JavaThread "C2 CompilerThread2" daemon [_thread_in_native, id=8152, stack(0x000000112c200000,0x000000112c300000)]
  0x00000166550e6800 JavaThread "jar transforms" [_thread_blocked, id=13964, stack(0x000000112c300000,0x000000112c400000)]
  0x00000166550e4800 JavaThread "Cache worker for file content cache (C:\Users\hanmw\.gradle\caches\7.3.3\fileContent)" [_thread_blocked, id=17500, stack(0x000000112c400000,0x000000112c500000)]
  0x00000166550e1800 JavaThread "jar transforms Thread 2" [_thread_blocked, id=18320, stack(0x000000112c500000,0x000000112c600000)]
  0x00000166550ed000 JavaThread "Cache worker for dependencies-accessors (C:\Users\hanmw\Desktop\android project\KiosckCoffe\.gradle\7.3.3\dependencies-accessors)" [_thread_blocked, id=1248, stack(0x000000112c600000,0x000000112c700000)]
  0x00000166550ed800 JavaThread "jar transforms Thread 3" [_thread_blocked, id=12596, stack(0x000000112c700000,0x000000112c800000)]

Other Threads:
  0x00000166513eb000 VMThread "VM Thread" [stack: 0x0000001129a00000,0x0000001129b00000] [id=17652]
  0x0000016651606800 WatcherThread [stack: 0x000000112a400000,0x000000112a500000] [id=7528]
  0x0000016635f86000 GCTaskThread "GC Thread#0" [stack: 0x0000001129500000,0x0000001129600000] [id=5924]
  0x0000016651ef8000 GCTaskThread "GC Thread#1" [stack: 0x000000112a600000,0x000000112a700000] [id=12500]
  0x0000016651a92800 GCTaskThread "GC Thread#2" [stack: 0x000000112a700000,0x000000112a800000] [id=8272]
  0x0000016652321000 GCTaskThread "GC Thread#3" [stack: 0x000000112a800000,0x000000112a900000] [id=17968]
  0x00000166519a1000 GCTaskThread "GC Thread#4" [stack: 0x000000112a900000,0x000000112aa00000] [id=19148]
  0x000001665223e000 GCTaskThread "GC Thread#5" [stack: 0x000000112aa00000,0x000000112ab00000] [id=19284]
  0x00000166536c2800 GCTaskThread "GC Thread#6" [stack: 0x000000112b800000,0x000000112b900000] [id=8500]
  0x000001665363b800 GCTaskThread "GC Thread#7" [stack: 0x000000112b900000,0x000000112ba00000] [id=15092]
  0x0000016635fb7800 ConcurrentGCThread "G1 Main Marker" [stack: 0x0000001129600000,0x0000001129700000] [id=5340]
  0x0000016635fb9800 ConcurrentGCThread "G1 Conc#0" [stack: 0x0000001129700000,0x0000001129800000] [id=17896]
  0x0000016653f05800 ConcurrentGCThread "G1 Conc#1" [stack: 0x000000112ba00000,0x000000112bb00000] [id=14616]
  0x000001663604e800 ConcurrentGCThread "G1 Refine#0" [stack: 0x0000001129800000,0x0000001129900000] [id=6932]
  0x0000016650a38000 ConcurrentGCThread "G1 Young RemSet Sampling" [stack: 0x0000001129900000,0x0000001129a00000] [id=15132]

Threads with active compile tasks:
C2 CompilerThread0   4933 3808       4       java.net.URLStreamHandler::toExternalForm (156 bytes)
C2 CompilerThread1   4933 3779       4       java.lang.invoke.MethodType::makeImpl (108 bytes)
C2 CompilerThread2   4933 3732       4       groovy.lang.MetaClassImpl$1MOPIter::methodNameAction (325 bytes)

VM state:not at safepoint (normal execution)

VM Mutex/Monitor currently owned by a thread: None

Heap address: 0x0000000080000000, size: 2048 MB, Compressed Oops mode: 32-bit
Narrow klass base: 0x0000000000000000, Narrow klass shift: 3
Compressed class space size: 1073741824 Address: 0x0000000100000000

Heap:
 garbage-first heap   total 258048K, used 34939K [0x0000000080000000, 0x0000000100000000)
  region size 1024K, 19 young (19456K), 13 survivors (13312K)
 Metaspace       used 45040K, capacity 46106K, committed 46208K, reserved 1089536K
  class space    used 5801K, capacity 6196K, committed 6272K, reserved 1048576K
Heap Regions: E=young(eden), S=young(survivor), O=old, HS=humongous(starts), HC=humongous(continues), CS=collection set, F=free, A=archive, TAMS=top-at-mark-start (previous, next)
|   0|0x0000000080000000, 0x0000000080100000, 0x0000000080100000|100%| O|  |TAMS 0x0000000080100000, 0x0000000080000000| Untracked 
|   1|0x0000000080100000, 0x0000000080200000, 0x0000000080200000|100%| O|  |TAMS 0x0000000080200000, 0x0000000080100000| Untracked 
|   2|0x0000000080200000, 0x0000000080300000, 0x0000000080300000|100%| O|  |TAMS 0x0000000080300000, 0x0000000080200000| Untracked 
|   3|0x0000000080300000, 0x0000000080400000, 0x0000000080400000|100%|HS|  |TAMS 0x0000000080400000, 0x0000000080300000| Complete 
|   4|0x0000000080400000, 0x0000000080500000, 0x0000000080500000|100%|HC|  |TAMS 0x0000000080500000, 0x0000000080400000| Complete 
|   5|0x0000000080500000, 0x0000000080600000, 0x0000000080600000|100%|HC|  |TAMS 0x0000000080600000, 0x0000000080500000| Complete 
|   6|0x0000000080600000, 0x0000000080700000, 0x0000000080700000|100%| O|  |TAMS 0x0000000080700000, 0x0000000080600000| Untracked 
|   7|0x0000000080700000, 0x0000000080800000, 0x0000000080800000|100%| O|  |TAMS 0x0000000080800000, 0x0000000080700000| Untracked 
|   8|0x0000000080800000, 0x0000000080900000, 0x0000000080900000|100%| O|  |TAMS 0x0000000080900000, 0x0000000080800000| Untracked 
|   9|0x0000000080900000, 0x0000000080a00000, 0x0000000080a00000|100%| O|  |TAMS 0x0000000080a00000, 0x0000000080900000| Untracked 
|  10|0x0000000080a00000, 0x0000000080b00000, 0x0000000080b00000|100%| O|  |TAMS 0x0000000080b00000, 0x0000000080a00000| Untracked 
|  11|0x0000000080b00000, 0x0000000080c00000, 0x0000000080c00000|100%| O|  |TAMS 0x0000000080c00000, 0x0000000080b00000| Untracked 
|  12|0x0000000080c00000, 0x0000000080d00000, 0x0000000080d00000|100%| O|  |TAMS 0x0000000080d00000, 0x0000000080c00000| Untracked 
|  13|0x0000000080d00000, 0x0000000080e00000, 0x0000000080e00000|100%| O|  |TAMS 0x0000000080e00000, 0x0000000080d00000| Untracked 
|  14|0x0000000080e00000, 0x0000000080f00000, 0x0000000080f00000|100%| O|  |TAMS 0x0000000080f00000, 0x0000000080e00000| Untracked 
|  15|0x0000000080f00000, 0x0000000081000000, 0x0000000081000000|100%| O|  |TAMS 0x0000000081000000, 0x0000000080f00000| Untracked 
|  16|0x0000000081000000, 0x00000000810a9200, 0x0000000081100000| 66%| O|  |TAMS 0x00000000810a9200, 0x0000000081000000| Untracked 
|  17|0x0000000081100000, 0x0000000081100000, 0x0000000081200000|  0%| F|  |TAMS 0x0000000081100000, 0x0000000081100000| Untracked 
|  18|0x0000000081200000, 0x0000000081200000, 0x0000000081300000|  0%| F|  |TAMS 0x0000000081200000, 0x0000000081200000| Untracked 
|  19|0x0000000081300000, 0x0000000081300000, 0x0000000081400000|  0%| F|  |TAMS 0x0000000081300000, 0x0000000081300000| Untracked 
|  20|0x0000000081400000, 0x0000000081400000, 0x0000000081500000|  0%| F|  |TAMS 0x0000000081400000, 0x0000000081400000| Untracked 
|  21|0x0000000081500000, 0x0000000081500000, 0x0000000081600000|  0%| F|  |TAMS 0x0000000081500000, 0x0000000081500000| Untracked 
|  22|0x0000000081600000, 0x0000000081600000, 0x0000000081700000|  0%| F|  |TAMS 0x0000000081600000, 0x0000000081600000| Untracked 
|  23|0x0000000081700000, 0x0000000081700000, 0x0000000081800000|  0%| F|  |TAMS 0x0000000081700000, 0x0000000081700000| Untracked 
|  24|0x0000000081800000, 0x0000000081800000, 0x0000000081900000|  0%| F|  |TAMS 0x0000000081800000, 0x0000000081800000| Untracked 
|  25|0x0000000081900000, 0x0000000081900000, 0x0000000081a00000|  0%| F|  |TAMS 0x0000000081900000, 0x0000000081900000| Untracked 
|  26|0x0000000081a00000, 0x0000000081a00000, 0x0000000081b00000|  0%| F|  |TAMS 0x0000000081a00000, 0x0000000081a00000| Untracked 
|  27|0x0000000081b00000, 0x0000000081b00000, 0x0000000081c00000|  0%| F|  |TAMS 0x0000000081b00000, 0x0000000081b00000| Untracked 
|  28|0x0000000081c00000, 0x0000000081c00000, 0x0000000081d00000|  0%| F|  |TAMS 0x0000000081c00000, 0x0000000081c00000| Untracked 
|  29|0x0000000081d00000, 0x0000000081d00000, 0x0000000081e00000|  0%| F|  |TAMS 0x0000000081d00000, 0x0000000081d00000| Untracked 
|  30|0x0000000081e00000, 0x0000000081e00000, 0x0000000081f00000|  0%| F|  |TAMS 0x0000000081e00000, 0x0000000081e00000| Untracked 
|  31|0x0000000081f00000, 0x0000000081f00000, 0x0000000082000000|  0%| F|  |TAMS 0x0000000081f00000, 0x0000000081f00000| Untracked 
|  32|0x0000000082000000, 0x0000000082000000, 0x0000000082100000|  0%| F|  |TAMS 0x0000000082000000, 0x0000000082000000| Untracked 
|  33|0x0000000082100000, 0x0000000082100000, 0x0000000082200000|  0%| F|  |TAMS 0x0000000082100000, 0x0000000082100000| Untracked 
|  34|0x0000000082200000, 0x0000000082200000, 0x0000000082300000|  0%| F|  |TAMS 0x0000000082200000, 0x0000000082200000| Untracked 
|  35|0x0000000082300000, 0x0000000082300000, 0x0000000082400000|  0%| F|  |TAMS 0x0000000082300000, 0x0000000082300000| Untracked 
|  36|0x0000000082400000, 0x0000000082400000, 0x0000000082500000|  0%| F|  |TAMS 0x0000000082400000, 0x0000000082400000| Untracked 
|  37|0x0000000082500000, 0x0000000082500000, 0x0000000082600000|  0%| F|  |TAMS 0x0000000082500000, 0x0000000082500000| Untracked 
|  38|0x0000000082600000, 0x0000000082600000, 0x0000000082700000|  0%| F|  |TAMS 0x0000000082600000, 0x0000000082600000| Untracked 
|  39|0x0000000082700000, 0x0000000082700000, 0x0000000082800000|  0%| F|  |TAMS 0x0000000082700000, 0x0000000082700000| Untracked 
|  40|0x0000000082800000, 0x0000000082800000, 0x0000000082900000|  0%| F|  |TAMS 0x0000000082800000, 0x0000000082800000| Untracked 
|  41|0x0000000082900000, 0x0000000082900000, 0x0000000082a00000|  0%| F|  |TAMS 0x0000000082900000, 0x0000000082900000| Untracked 
|  42|0x0000000082a00000, 0x0000000082a00000, 0x0000000082b00000|  0%| F|  |TAMS 0x0000000082a00000, 0x0000000082a00000| Untracked 
|  43|0x0000000082b00000, 0x0000000082b00000, 0x0000000082c00000|  0%| F|  |TAMS 0x0000000082b00000, 0x0000000082b00000| Untracked 
|  44|0x0000000082c00000, 0x0000000082c00000, 0x0000000082d00000|  0%| F|  |TAMS 0x0000000082c00000, 0x0000000082c00000| Untracked 
|  45|0x0000000082d00000, 0x0000000082d00000, 0x0000000082e00000|  0%| F|  |TAMS 0x0000000082d00000, 0x0000000082d00000| Untracked 
|  46|0x0000000082e00000, 0x0000000082e00000, 0x0000000082f00000|  0%| F|  |TAMS 0x0000000082e00000, 0x0000000082e00000| Untracked 
|  47|0x0000000082f00000, 0x0000000082f00000, 0x0000000083000000|  0%| F|  |TAMS 0x0000000082f00000, 0x0000000082f00000| Untracked 
|  48|0x0000000083000000, 0x0000000083000000, 0x0000000083100000|  0%| F|  |TAMS 0x0000000083000000, 0x0000000083000000| Untracked 
|  49|0x0000000083100000, 0x0000000083100000, 0x0000000083200000|  0%| F|  |TAMS 0x0000000083100000, 0x0000000083100000| Untracked 
|  50|0x0000000083200000, 0x0000000083200000, 0x0000000083300000|  0%| F|  |TAMS 0x0000000083200000, 0x0000000083200000| Untracked 
|  51|0x0000000083300000, 0x0000000083300000, 0x0000000083400000|  0%| F|  |TAMS 0x0000000083300000, 0x0000000083300000| Untracked 
|  52|0x0000000083400000, 0x0000000083400000, 0x0000000083500000|  0%| F|  |TAMS 0x0000000083400000, 0x0000000083400000| Untracked 
|  53|0x0000000083500000, 0x0000000083500000, 0x0000000083600000|  0%| F|  |TAMS 0x0000000083500000, 0x0000000083500000| Untracked 
|  54|0x0000000083600000, 0x0000000083600000, 0x0000000083700000|  0%| F|  |TAMS 0x0000000083600000, 0x0000000083600000| Untracked 
|  55|0x0000000083700000, 0x0000000083700000, 0x0000000083800000|  0%| F|  |TAMS 0x0000000083700000, 0x0000000083700000| Untracked 
|  56|0x0000000083800000, 0x0000000083800000, 0x0000000083900000|  0%| F|  |TAMS 0x0000000083800000, 0x0000000083800000| Untracked 
|  57|0x0000000083900000, 0x0000000083900000, 0x0000000083a00000|  0%| F|  |TAMS 0x0000000083900000, 0x0000000083900000| Untracked 
|  58|0x0000000083a00000, 0x0000000083a00000, 0x0000000083b00000|  0%| F|  |TAMS 0x0000000083a00000, 0x0000000083a00000| Untracked 
|  59|0x0000000083b00000, 0x0000000083b00000, 0x0000000083c00000|  0%| F|  |TAMS 0x0000000083b00000, 0x0000000083b00000| Untracked 
|  60|0x0000000083c00000, 0x0000000083c00000, 0x0000000083d00000|  0%| F|  |TAMS 0x0000000083c00000, 0x0000000083c00000| Untracked 
|  61|0x0000000083d00000, 0x0000000083d00000, 0x0000000083e00000|  0%| F|  |TAMS 0x0000000083d00000, 0x0000000083d00000| Untracked 
|  62|0x0000000083e00000, 0x0000000083e00000, 0x0000000083f00000|  0%| F|  |TAMS 0x0000000083e00000, 0x0000000083e00000| Untracked 
|  63|0x0000000083f00000, 0x0000000083f00000, 0x0000000084000000|  0%| F|  |TAMS 0x0000000083f00000, 0x0000000083f00000| Untracked 
|  64|0x0000000084000000, 0x0000000084000000, 0x0000000084100000|  0%| F|  |TAMS 0x0000000084000000, 0x0000000084000000| Untracked 
|  65|0x0000000084100000, 0x0000000084100000, 0x0000000084200000|  0%| F|  |TAMS 0x0000000084100000, 0x0000000084100000| Untracked 
|  66|0x0000000084200000, 0x0000000084200000, 0x0000000084300000|  0%| F|  |TAMS 0x0000000084200000, 0x0000000084200000| Untracked 
|  67|0x0000000084300000, 0x0000000084300000, 0x0000000084400000|  0%| F|  |TAMS 0x0000000084300000, 0x0000000084300000| Untracked 
|  68|0x0000000084400000, 0x0000000084400000, 0x0000000084500000|  0%| F|  |TAMS 0x0000000084400000, 0x0000000084400000| Untracked 
|  69|0x0000000084500000, 0x0000000084500000, 0x0000000084600000|  0%| F|  |TAMS 0x0000000084500000, 0x0000000084500000| Untracked 
|  70|0x0000000084600000, 0x0000000084600000, 0x0000000084700000|  0%| F|  |TAMS 0x0000000084600000, 0x0000000084600000| Untracked 
|  71|0x0000000084700000, 0x0000000084700000, 0x0000000084800000|  0%| F|  |TAMS 0x0000000084700000, 0x0000000084700000| Untracked 
|  72|0x0000000084800000, 0x0000000084800000, 0x0000000084900000|  0%| F|  |TAMS 0x0000000084800000, 0x0000000084800000| Untracked 
|  73|0x0000000084900000, 0x0000000084900000, 0x0000000084a00000|  0%| F|  |TAMS 0x0000000084900000, 0x0000000084900000| Untracked 
|  74|0x0000000084a00000, 0x0000000084a00000, 0x0000000084b00000|  0%| F|  |TAMS 0x0000000084a00000, 0x0000000084a00000| Untracked 
|  75|0x0000000084b00000, 0x0000000084b00000, 0x0000000084c00000|  0%| F|  |TAMS 0x0000000084b00000, 0x0000000084b00000| Untracked 
|  76|0x0000000084c00000, 0x0000000084c00000, 0x0000000084d00000|  0%| F|  |TAMS 0x0000000084c00000, 0x0000000084c00000| Untracked 
|  77|0x0000000084d00000, 0x0000000084d00000, 0x0000000084e00000|  0%| F|  |TAMS 0x0000000084d00000, 0x0000000084d00000| Untracked 
|  78|0x0000000084e00000, 0x0000000084e00000, 0x0000000084f00000|  0%| F|  |TAMS 0x0000000084e00000, 0x0000000084e00000| Untracked 
|  79|0x0000000084f00000, 0x0000000084f00000, 0x0000000085000000|  0%| F|  |TAMS 0x0000000084f00000, 0x0000000084f00000| Untracked 
|  80|0x0000000085000000, 0x0000000085000000, 0x0000000085100000|  0%| F|  |TAMS 0x0000000085000000, 0x0000000085000000| Untracked 
|  81|0x0000000085100000, 0x0000000085100000, 0x0000000085200000|  0%| F|  |TAMS 0x0000000085100000, 0x0000000085100000| Untracked 
|  82|0x0000000085200000, 0x0000000085200000, 0x0000000085300000|  0%| F|  |TAMS 0x0000000085200000, 0x0000000085200000| Untracked 
|  83|0x0000000085300000, 0x0000000085300000, 0x0000000085400000|  0%| F|  |TAMS 0x0000000085300000, 0x0000000085300000| Untracked 
|  84|0x0000000085400000, 0x0000000085400000, 0x0000000085500000|  0%| F|  |TAMS 0x0000000085400000, 0x0000000085400000| Untracked 
|  85|0x0000000085500000, 0x0000000085500000, 0x0000000085600000|  0%| F|  |TAMS 0x0000000085500000, 0x0000000085500000| Untracked 
|  86|0x0000000085600000, 0x0000000085600000, 0x0000000085700000|  0%| F|  |TAMS 0x0000000085600000, 0x0000000085600000| Untracked 
|  87|0x0000000085700000, 0x0000000085700000, 0x0000000085800000|  0%| F|  |TAMS 0x0000000085700000, 0x0000000085700000| Untracked 
|  88|0x0000000085800000, 0x0000000085800000, 0x0000000085900000|  0%| F|  |TAMS 0x0000000085800000, 0x0000000085800000| Untracked 
|  89|0x0000000085900000, 0x0000000085900000, 0x0000000085a00000|  0%| F|  |TAMS 0x0000000085900000, 0x0000000085900000| Untracked 
|  90|0x0000000085a00000, 0x0000000085a00000, 0x0000000085b00000|  0%| F|  |TAMS 0x0000000085a00000, 0x0000000085a00000| Untracked 
|  91|0x0000000085b00000, 0x0000000085b00000, 0x0000000085c00000|  0%| F|  |TAMS 0x0000000085b00000, 0x0000000085b00000| Untracked 
|  92|0x0000000085c00000, 0x0000000085c00000, 0x0000000085d00000|  0%| F|  |TAMS 0x0000000085c00000, 0x0000000085c00000| Untracked 
|  93|0x0000000085d00000, 0x0000000085d00000, 0x0000000085e00000|  0%| F|  |TAMS 0x0000000085d00000, 0x0000000085d00000| Untracked 
|  94|0x0000000085e00000, 0x0000000085e00000, 0x0000000085f00000|  0%| F|  |TAMS 0x0000000085e00000, 0x0000000085e00000| Untracked 
|  95|0x0000000085f00000, 0x0000000085f00000, 0x0000000086000000|  0%| F|  |TAMS 0x0000000085f00000, 0x0000000085f00000| Untracked 
|  96|0x0000000086000000, 0x0000000086000000, 0x0000000086100000|  0%| F|  |TAMS 0x0000000086000000, 0x0000000086000000| Untracked 
|  97|0x0000000086100000, 0x0000000086100000, 0x0000000086200000|  0%| F|  |TAMS 0x0000000086100000, 0x0000000086100000| Untracked 
|  98|0x0000000086200000, 0x0000000086200000, 0x0000000086300000|  0%| F|  |TAMS 0x0000000086200000, 0x0000000086200000| Untracked 
|  99|0x0000000086300000, 0x0000000086300000, 0x0000000086400000|  0%| F|  |TAMS 0x0000000086300000, 0x0000000086300000| Untracked 
| 100|0x0000000086400000, 0x0000000086400000, 0x0000000086500000|  0%| F|  |TAMS 0x0000000086400000, 0x0000000086400000| Untracked 
| 101|0x0000000086500000, 0x0000000086500000, 0x0000000086600000|  0%| F|  |TAMS 0x0000000086500000, 0x0000000086500000| Untracked 
| 102|0x0000000086600000, 0x0000000086600000, 0x0000000086700000|  0%| F|  |TAMS 0x0000000086600000, 0x0000000086600000| Untracked 
| 103|0x0000000086700000, 0x0000000086700000, 0x0000000086800000|  0%| F|  |TAMS 0x0000000086700000, 0x0000000086700000| Untracked 
| 104|0x0000000086800000, 0x0000000086800000, 0x0000000086900000|  0%| F|  |TAMS 0x0000000086800000, 0x0000000086800000| Untracked 
| 105|0x0000000086900000, 0x0000000086900000, 0x0000000086a00000|  0%| F|  |TAMS 0x0000000086900000, 0x0000000086900000| Untracked 
| 106|0x0000000086a00000, 0x0000000086a00000, 0x0000000086b00000|  0%| F|  |TAMS 0x0000000086a00000, 0x0000000086a00000| Untracked 
| 107|0x0000000086b00000, 0x0000000086b00000, 0x0000000086c00000|  0%| F|  |TAMS 0x0000000086b00000, 0x0000000086b00000| Untracked 
| 108|0x0000000086c00000, 0x0000000086c00000, 0x0000000086d00000|  0%| F|  |TAMS 0x0000000086c00000, 0x0000000086c00000| Untracked 
| 109|0x0000000086d00000, 0x0000000086d00000, 0x0000000086e00000|  0%| F|  |TAMS 0x0000000086d00000, 0x0000000086d00000| Untracked 
| 110|0x0000000086e00000, 0x0000000086e00000, 0x0000000086f00000|  0%| F|  |TAMS 0x0000000086e00000, 0x0000000086e00000| Untracked 
| 111|0x0000000086f00000, 0x0000000086f00000, 0x0000000087000000|  0%| F|  |TAMS 0x0000000086f00000, 0x0000000086f00000| Untracked 
| 112|0x0000000087000000, 0x0000000087000000, 0x0000000087100000|  0%| F|  |TAMS 0x0000000087000000, 0x0000000087000000| Untracked 
| 113|0x0000000087100000, 0x0000000087100000, 0x0000000087200000|  0%| F|  |TAMS 0x0000000087100000, 0x0000000087100000| Untracked 
| 114|0x0000000087200000, 0x0000000087200000, 0x0000000087300000|  0%| F|  |TAMS 0x0000000087200000, 0x0000000087200000| Untracked 
| 115|0x0000000087300000, 0x0000000087300000, 0x0000000087400000|  0%| F|  |TAMS 0x0000000087300000, 0x0000000087300000| Untracked 
| 116|0x0000000087400000, 0x0000000087400000, 0x0000000087500000|  0%| F|  |TAMS 0x0000000087400000, 0x0000000087400000| Untracked 
| 117|0x0000000087500000, 0x0000000087500000, 0x0000000087600000|  0%| F|  |TAMS 0x0000000087500000, 0x0000000087500000| Untracked 
| 118|0x0000000087600000, 0x0000000087600000, 0x0000000087700000|  0%| F|  |TAMS 0x0000000087600000, 0x0000000087600000| Untracked 
| 119|0x0000000087700000, 0x0000000087700000, 0x0000000087800000|  0%| F|  |TAMS 0x0000000087700000, 0x0000000087700000| Untracked 
| 120|0x0000000087800000, 0x0000000087800000, 0x0000000087900000|  0%| F|  |TAMS 0x0000000087800000, 0x0000000087800000| Untracked 
| 121|0x0000000087900000, 0x0000000087900000, 0x0000000087a00000|  0%| F|  |TAMS 0x0000000087900000, 0x0000000087900000| Untracked 
| 122|0x0000000087a00000, 0x0000000087a00000, 0x0000000087b00000|  0%| F|  |TAMS 0x0000000087a00000, 0x0000000087a00000| Untracked 
| 123|0x0000000087b00000, 0x0000000087b75d58, 0x0000000087c00000| 46%| S|CS|TAMS 0x0000000087b00000, 0x0000000087b00000| Complete 
| 124|0x0000000087c00000, 0x0000000087d00000, 0x0000000087d00000|100%| S|CS|TAMS 0x0000000087c00000, 0x0000000087c00000| Complete 
| 125|0x0000000087d00000, 0x0000000087e00000, 0x0000000087e00000|100%| S|CS|TAMS 0x0000000087d00000, 0x0000000087d00000| Complete 
| 126|0x0000000087e00000, 0x0000000087f00000, 0x0000000087f00000|100%| S|CS|TAMS 0x0000000087e00000, 0x0000000087e00000| Complete 
| 127|0x0000000087f00000, 0x0000000088000000, 0x0000000088000000|100%| S|CS|TAMS 0x0000000087f00000, 0x0000000087f00000| Complete 
| 128|0x0000000088000000, 0x0000000088100000, 0x0000000088100000|100%| S|CS|TAMS 0x0000000088000000, 0x0000000088000000| Complete 
| 129|0x0000000088100000, 0x0000000088200000, 0x0000000088200000|100%| S|CS|TAMS 0x0000000088100000, 0x0000000088100000| Complete 
| 130|0x0000000088200000, 0x0000000088300000, 0x0000000088300000|100%| S|CS|TAMS 0x0000000088200000, 0x0000000088200000| Complete 
| 131|0x0000000088300000, 0x0000000088400000, 0x0000000088400000|100%| S|CS|TAMS 0x0000000088300000, 0x0000000088300000| Complete 
| 132|0x0000000088400000, 0x0000000088500000, 0x0000000088500000|100%| S|CS|TAMS 0x0000000088400000, 0x0000000088400000| Complete 
| 133|0x0000000088500000, 0x0000000088600000, 0x0000000088600000|100%| S|CS|TAMS 0x0000000088500000, 0x0000000088500000| Complete 
| 134|0x0000000088600000, 0x0000000088700000, 0x0000000088700000|100%| S|CS|TAMS 0x0000000088600000, 0x0000000088600000| Complete 
| 135|0x0000000088700000, 0x0000000088800000, 0x0000000088800000|100%| S|CS|TAMS 0x0000000088700000, 0x0000000088700000| Complete 
| 136|0x0000000088800000, 0x0000000088800000, 0x0000000088900000|  0%| F|  |TAMS 0x0000000088800000, 0x0000000088800000| Untracked 
| 137|0x0000000088900000, 0x0000000088900000, 0x0000000088a00000|  0%| F|  |TAMS 0x0000000088900000, 0x0000000088900000| Untracked 
| 138|0x0000000088a00000, 0x0000000088a00000, 0x0000000088b00000|  0%| F|  |TAMS 0x0000000088a00000, 0x0000000088a00000| Untracked 
| 139|0x0000000088b00000, 0x0000000088b00000, 0x0000000088c00000|  0%| F|  |TAMS 0x0000000088b00000, 0x0000000088b00000| Untracked 
| 140|0x0000000088c00000, 0x0000000088c00000, 0x0000000088d00000|  0%| F|  |TAMS 0x0000000088c00000, 0x0000000088c00000| Untracked 
| 141|0x0000000088d00000, 0x0000000088d00000, 0x0000000088e00000|  0%| F|  |TAMS 0x0000000088d00000, 0x0000000088d00000| Untracked 
| 142|0x0000000088e00000, 0x0000000088e00000, 0x0000000088f00000|  0%| F|  |TAMS 0x0000000088e00000, 0x0000000088e00000| Untracked 
| 143|0x0000000088f00000, 0x0000000088f00000, 0x0000000089000000|  0%| F|  |TAMS 0x0000000088f00000, 0x0000000088f00000| Untracked 
| 144|0x0000000089000000, 0x0000000089000000, 0x0000000089100000|  0%| F|  |TAMS 0x0000000089000000, 0x0000000089000000| Untracked 
| 145|0x0000000089100000, 0x0000000089100000, 0x0000000089200000|  0%| F|  |TAMS 0x0000000089100000, 0x0000000089100000| Untracked 
| 146|0x0000000089200000, 0x0000000089200000, 0x0000000089300000|  0%| F|  |TAMS 0x0000000089200000, 0x0000000089200000| Untracked 
| 147|0x0000000089300000, 0x0000000089300000, 0x0000000089400000|  0%| F|  |TAMS 0x0000000089300000, 0x0000000089300000| Untracked 
| 148|0x0000000089400000, 0x0000000089400000, 0x0000000089500000|  0%| F|  |TAMS 0x0000000089400000, 0x0000000089400000| Untracked 
| 149|0x0000000089500000, 0x0000000089500000, 0x0000000089600000|  0%| F|  |TAMS 0x0000000089500000, 0x0000000089500000| Untracked 
| 150|0x0000000089600000, 0x0000000089600000, 0x0000000089700000|  0%| F|  |TAMS 0x0000000089600000, 0x0000000089600000| Untracked 
| 151|0x0000000089700000, 0x0000000089700000, 0x0000000089800000|  0%| F|  |TAMS 0x0000000089700000, 0x0000000089700000| Untracked 
| 152|0x0000000089800000, 0x0000000089800000, 0x0000000089900000|  0%| F|  |TAMS 0x0000000089800000, 0x0000000089800000| Untracked 
| 153|0x0000000089900000, 0x0000000089900000, 0x0000000089a00000|  0%| F|  |TAMS 0x0000000089900000, 0x0000000089900000| Untracked 
| 154|0x0000000089a00000, 0x0000000089a00000, 0x0000000089b00000|  0%| F|  |TAMS 0x0000000089a00000, 0x0000000089a00000| Untracked 
| 155|0x0000000089b00000, 0x0000000089b00000, 0x0000000089c00000|  0%| F|  |TAMS 0x0000000089b00000, 0x0000000089b00000| Untracked 
| 156|0x0000000089c00000, 0x0000000089c00000, 0x0000000089d00000|  0%| F|  |TAMS 0x0000000089c00000, 0x0000000089c00000| Untracked 
| 157|0x0000000089d00000, 0x0000000089d00000, 0x0000000089e00000|  0%| F|  |TAMS 0x0000000089d00000, 0x0000000089d00000| Untracked 
| 158|0x0000000089e00000, 0x0000000089e00000, 0x0000000089f00000|  0%| F|  |TAMS 0x0000000089e00000, 0x0000000089e00000| Untracked 
| 159|0x0000000089f00000, 0x0000000089f00000, 0x000000008a000000|  0%| F|  |TAMS 0x0000000089f00000, 0x0000000089f00000| Untracked 
| 160|0x000000008a000000, 0x000000008a000000, 0x000000008a100000|  0%| F|  |TAMS 0x000000008a000000, 0x000000008a000000| Untracked 
| 161|0x000000008a100000, 0x000000008a100000, 0x000000008a200000|  0%| F|  |TAMS 0x000000008a100000, 0x000000008a100000| Untracked 
| 162|0x000000008a200000, 0x000000008a200000, 0x000000008a300000|  0%| F|  |TAMS 0x000000008a200000, 0x000000008a200000| Untracked 
| 163|0x000000008a300000, 0x000000008a300000, 0x000000008a400000|  0%| F|  |TAMS 0x000000008a300000, 0x000000008a300000| Untracked 
| 164|0x000000008a400000, 0x000000008a400000, 0x000000008a500000|  0%| F|  |TAMS 0x000000008a400000, 0x000000008a400000| Untracked 
| 165|0x000000008a500000, 0x000000008a500000, 0x000000008a600000|  0%| F|  |TAMS 0x000000008a500000, 0x000000008a500000| Untracked 
| 166|0x000000008a600000, 0x000000008a600000, 0x000000008a700000|  0%| F|  |TAMS 0x000000008a600000, 0x000000008a600000| Untracked 
| 167|0x000000008a700000, 0x000000008a700000, 0x000000008a800000|  0%| F|  |TAMS 0x000000008a700000, 0x000000008a700000| Untracked 
| 168|0x000000008a800000, 0x000000008a800000, 0x000000008a900000|  0%| F|  |TAMS 0x000000008a800000, 0x000000008a800000| Untracked 
| 169|0x000000008a900000, 0x000000008a900000, 0x000000008aa00000|  0%| F|  |TAMS 0x000000008a900000, 0x000000008a900000| Untracked 
| 170|0x000000008aa00000, 0x000000008aa00000, 0x000000008ab00000|  0%| F|  |TAMS 0x000000008aa00000, 0x000000008aa00000| Untracked 
| 171|0x000000008ab00000, 0x000000008ab00000, 0x000000008ac00000|  0%| F|  |TAMS 0x000000008ab00000, 0x000000008ab00000| Untracked 
| 172|0x000000008ac00000, 0x000000008ac00000, 0x000000008ad00000|  0%| F|  |TAMS 0x000000008ac00000, 0x000000008ac00000| Untracked 
| 173|0x000000008ad00000, 0x000000008ad00000, 0x000000008ae00000|  0%| F|  |TAMS 0x000000008ad00000, 0x000000008ad00000| Untracked 
| 174|0x000000008ae00000, 0x000000008ae00000, 0x000000008af00000|  0%| F|  |TAMS 0x000000008ae00000, 0x000000008ae00000| Untracked 
| 175|0x000000008af00000, 0x000000008af00000, 0x000000008b000000|  0%| F|  |TAMS 0x000000008af00000, 0x000000008af00000| Untracked 
| 176|0x000000008b000000, 0x000000008b000000, 0x000000008b100000|  0%| F|  |TAMS 0x000000008b000000, 0x000000008b000000| Untracked 
| 177|0x000000008b100000, 0x000000008b100000, 0x000000008b200000|  0%| F|  |TAMS 0x000000008b100000, 0x000000008b100000| Untracked 
| 178|0x000000008b200000, 0x000000008b200000, 0x000000008b300000|  0%| F|  |TAMS 0x000000008b200000, 0x000000008b200000| Untracked 
| 179|0x000000008b300000, 0x000000008b300000, 0x000000008b400000|  0%| F|  |TAMS 0x000000008b300000, 0x000000008b300000| Untracked 
| 180|0x000000008b400000, 0x000000008b400000, 0x000000008b500000|  0%| F|  |TAMS 0x000000008b400000, 0x000000008b400000| Untracked 
| 181|0x000000008b500000, 0x000000008b500000, 0x000000008b600000|  0%| F|  |TAMS 0x000000008b500000, 0x000000008b500000| Untracked 
| 182|0x000000008b600000, 0x000000008b600000, 0x000000008b700000|  0%| F|  |TAMS 0x000000008b600000, 0x000000008b600000| Untracked 
| 183|0x000000008b700000, 0x000000008b700000, 0x000000008b800000|  0%| F|  |TAMS 0x000000008b700000, 0x000000008b700000| Untracked 
| 184|0x000000008b800000, 0x000000008b800000, 0x000000008b900000|  0%| F|  |TAMS 0x000000008b800000, 0x000000008b800000| Untracked 
| 185|0x000000008b900000, 0x000000008b900000, 0x000000008ba00000|  0%| F|  |TAMS 0x000000008b900000, 0x000000008b900000| Untracked 
| 186|0x000000008ba00000, 0x000000008ba00000, 0x000000008bb00000|  0%| F|  |TAMS 0x000000008ba00000, 0x000000008ba00000| Untracked 
| 187|0x000000008bb00000, 0x000000008bb00000, 0x000000008bc00000|  0%| F|  |TAMS 0x000000008bb00000, 0x000000008bb00000| Untracked 
| 188|0x000000008bc00000, 0x000000008bc00000, 0x000000008bd00000|  0%| F|  |TAMS 0x000000008bc00000, 0x000000008bc00000| Untracked 
| 189|0x000000008bd00000, 0x000000008bd00000, 0x000000008be00000|  0%| F|  |TAMS 0x000000008bd00000, 0x000000008bd00000| Untracked 
| 190|0x000000008be00000, 0x000000008be00000, 0x000000008bf00000|  0%| F|  |TAMS 0x000000008be00000, 0x000000008be00000| Untracked 
| 191|0x000000008bf00000, 0x000000008bf00000, 0x000000008c000000|  0%| F|  |TAMS 0x000000008bf00000, 0x000000008bf00000| Untracked 
| 192|0x000000008c000000, 0x000000008c000000, 0x000000008c100000|  0%| F|  |TAMS 0x000000008c000000, 0x000000008c000000| Untracked 
| 193|0x000000008c100000, 0x000000008c100000, 0x000000008c200000|  0%| F|  |TAMS 0x000000008c100000, 0x000000008c100000| Untracked 
| 194|0x000000008c200000, 0x000000008c200000, 0x000000008c300000|  0%| F|  |TAMS 0x000000008c200000, 0x000000008c200000| Untracked 
| 195|0x000000008c300000, 0x000000008c300000, 0x000000008c400000|  0%| F|  |TAMS 0x000000008c300000, 0x000000008c300000| Untracked 
| 196|0x000000008c400000, 0x000000008c400000, 0x000000008c500000|  0%| F|  |TAMS 0x000000008c400000, 0x000000008c400000| Untracked 
| 197|0x000000008c500000, 0x000000008c500000, 0x000000008c600000|  0%| F|  |TAMS 0x000000008c500000, 0x000000008c500000| Untracked 
| 198|0x000000008c600000, 0x000000008c600000, 0x000000008c700000|  0%| F|  |TAMS 0x000000008c600000, 0x000000008c600000| Untracked 
| 199|0x000000008c700000, 0x000000008c700000, 0x000000008c800000|  0%| F|  |TAMS 0x000000008c700000, 0x000000008c700000| Untracked 
| 200|0x000000008c800000, 0x000000008c800000, 0x000000008c900000|  0%| F|  |TAMS 0x000000008c800000, 0x000000008c800000| Untracked 
| 201|0x000000008c900000, 0x000000008c900000, 0x000000008ca00000|  0%| F|  |TAMS 0x000000008c900000, 0x000000008c900000| Untracked 
| 202|0x000000008ca00000, 0x000000008ca00000, 0x000000008cb00000|  0%| F|  |TAMS 0x000000008ca00000, 0x000000008ca00000| Untracked 
| 203|0x000000008cb00000, 0x000000008cb00000, 0x000000008cc00000|  0%| F|  |TAMS 0x000000008cb00000, 0x000000008cb00000| Untracked 
| 204|0x000000008cc00000, 0x000000008cc00000, 0x000000008cd00000|  0%| F|  |TAMS 0x000000008cc00000, 0x000000008cc00000| Untracked 
| 205|0x000000008cd00000, 0x000000008cd00000, 0x000000008ce00000|  0%| F|  |TAMS 0x000000008cd00000, 0x000000008cd00000| Untracked 
| 206|0x000000008ce00000, 0x000000008ce00000, 0x000000008cf00000|  0%| F|  |TAMS 0x000000008ce00000, 0x000000008ce00000| Untracked 
| 207|0x000000008cf00000, 0x000000008cf00000, 0x000000008d000000|  0%| F|  |TAMS 0x000000008cf00000, 0x000000008cf00000| Untracked 
| 208|0x000000008d000000, 0x000000008d000000, 0x000000008d100000|  0%| F|  |TAMS 0x000000008d000000, 0x000000008d000000| Untracked 
| 209|0x000000008d100000, 0x000000008d100000, 0x000000008d200000|  0%| F|  |TAMS 0x000000008d100000, 0x000000008d100000| Untracked 
| 210|0x000000008d200000, 0x000000008d200000, 0x000000008d300000|  0%| F|  |TAMS 0x000000008d200000, 0x000000008d200000| Untracked 
| 211|0x000000008d300000, 0x000000008d300000, 0x000000008d400000|  0%| F|  |TAMS 0x000000008d300000, 0x000000008d300000| Untracked 
| 212|0x000000008d400000, 0x000000008d400000, 0x000000008d500000|  0%| F|  |TAMS 0x000000008d400000, 0x000000008d400000| Untracked 
| 213|0x000000008d500000, 0x000000008d500000, 0x000000008d600000|  0%| F|  |TAMS 0x000000008d500000, 0x000000008d500000| Untracked 
| 214|0x000000008d600000, 0x000000008d600000, 0x000000008d700000|  0%| F|  |TAMS 0x000000008d600000, 0x000000008d600000| Untracked 
| 215|0x000000008d700000, 0x000000008d700000, 0x000000008d800000|  0%| F|  |TAMS 0x000000008d700000, 0x000000008d700000| Untracked 
| 216|0x000000008d800000, 0x000000008d800000, 0x000000008d900000|  0%| F|  |TAMS 0x000000008d800000, 0x000000008d800000| Untracked 
| 217|0x000000008d900000, 0x000000008d900000, 0x000000008da00000|  0%| F|  |TAMS 0x000000008d900000, 0x000000008d900000| Untracked 
| 218|0x000000008da00000, 0x000000008da00000, 0x000000008db00000|  0%| F|  |TAMS 0x000000008da00000, 0x000000008da00000| Untracked 
| 219|0x000000008db00000, 0x000000008db00000, 0x000000008dc00000|  0%| F|  |TAMS 0x000000008db00000, 0x000000008db00000| Untracked 
| 220|0x000000008dc00000, 0x000000008dc00000, 0x000000008dd00000|  0%| F|  |TAMS 0x000000008dc00000, 0x000000008dc00000| Untracked 
| 221|0x000000008dd00000, 0x000000008dd00000, 0x000000008de00000|  0%| F|  |TAMS 0x000000008dd00000, 0x000000008dd00000| Untracked 
| 222|0x000000008de00000, 0x000000008de00000, 0x000000008df00000|  0%| F|  |TAMS 0x000000008de00000, 0x000000008de00000| Untracked 
| 223|0x000000008df00000, 0x000000008df00000, 0x000000008e000000|  0%| F|  |TAMS 0x000000008df00000, 0x000000008df00000| Untracked 
| 224|0x000000008e000000, 0x000000008e000000, 0x000000008e100000|  0%| F|  |TAMS 0x000000008e000000, 0x000000008e000000| Untracked 
| 225|0x000000008e100000, 0x000000008e100000, 0x000000008e200000|  0%| F|  |TAMS 0x000000008e100000, 0x000000008e100000| Untracked 
| 226|0x000000008e200000, 0x000000008e200000, 0x000000008e300000|  0%| F|  |TAMS 0x000000008e200000, 0x000000008e200000| Untracked 
| 227|0x000000008e300000, 0x000000008e300000, 0x000000008e400000|  0%| F|  |TAMS 0x000000008e300000, 0x000000008e300000| Untracked 
| 228|0x000000008e400000, 0x000000008e400000, 0x000000008e500000|  0%| F|  |TAMS 0x000000008e400000, 0x000000008e400000| Untracked 
| 229|0x000000008e500000, 0x000000008e500000, 0x000000008e600000|  0%| F|  |TAMS 0x000000008e500000, 0x000000008e500000| Untracked 
| 230|0x000000008e600000, 0x000000008e600000, 0x000000008e700000|  0%| F|  |TAMS 0x000000008e600000, 0x000000008e600000| Untracked 
| 231|0x000000008e700000, 0x000000008e700000, 0x000000008e800000|  0%| F|  |TAMS 0x000000008e700000, 0x000000008e700000| Untracked 
| 232|0x000000008e800000, 0x000000008e800000, 0x000000008e900000|  0%| F|  |TAMS 0x000000008e800000, 0x000000008e800000| Untracked 
| 233|0x000000008e900000, 0x000000008e900000, 0x000000008ea00000|  0%| F|  |TAMS 0x000000008e900000, 0x000000008e900000| Untracked 
| 234|0x000000008ea00000, 0x000000008ea00000, 0x000000008eb00000|  0%| F|  |TAMS 0x000000008ea00000, 0x000000008ea00000| Untracked 
| 235|0x000000008eb00000, 0x000000008eb00000, 0x000000008ec00000|  0%| F|  |TAMS 0x000000008eb00000, 0x000000008eb00000| Untracked 
| 236|0x000000008ec00000, 0x000000008ec00000, 0x000000008ed00000|  0%| F|  |TAMS 0x000000008ec00000, 0x000000008ec00000| Untracked 
| 237|0x000000008ed00000, 0x000000008ed00000, 0x000000008ee00000|  0%| F|  |TAMS 0x000000008ed00000, 0x000000008ed00000| Untracked 
| 238|0x000000008ee00000, 0x000000008ee00000, 0x000000008ef00000|  0%| F|  |TAMS 0x000000008ee00000, 0x000000008ee00000| Untracked 
| 239|0x000000008ef00000, 0x000000008ef00000, 0x000000008f000000|  0%| F|  |TAMS 0x000000008ef00000, 0x000000008ef00000| Untracked 
| 240|0x000000008f000000, 0x000000008f000000, 0x000000008f100000|  0%| F|  |TAMS 0x000000008f000000, 0x000000008f000000| Untracked 
| 241|0x000000008f100000, 0x000000008f100000, 0x000000008f200000|  0%| F|  |TAMS 0x000000008f100000, 0x000000008f100000| Untracked 
| 242|0x000000008f200000, 0x000000008f200000, 0x000000008f300000|  0%| F|  |TAMS 0x000000008f200000, 0x000000008f200000| Untracked 
| 243|0x000000008f300000, 0x000000008f300000, 0x000000008f400000|  0%| F|  |TAMS 0x000000008f300000, 0x000000008f300000| Untracked 
| 244|0x000000008f400000, 0x000000008f427368, 0x000000008f500000| 15%| E|  |TAMS 0x000000008f400000, 0x000000008f400000| Complete 
| 245|0x000000008f500000, 0x000000008f600000, 0x000000008f600000|100%| E|CS|TAMS 0x000000008f500000, 0x000000008f500000| Complete 
| 246|0x000000008f600000, 0x000000008f700000, 0x000000008f700000|100%| E|CS|TAMS 0x000000008f600000, 0x000000008f600000| Complete 
| 247|0x000000008f700000, 0x000000008f800000, 0x000000008f800000|100%| E|CS|TAMS 0x000000008f700000, 0x000000008f700000| Complete 
| 248|0x000000008f800000, 0x000000008f900000, 0x000000008f900000|100%| E|CS|TAMS 0x000000008f800000, 0x000000008f800000| Complete 
| 249|0x000000008f900000, 0x000000008fa00000, 0x000000008fa00000|100%| E|CS|TAMS 0x000000008f900000, 0x000000008f900000| Complete 
| 250|0x000000008fa00000, 0x000000008fb00000, 0x000000008fb00000|100%| E|CS|TAMS 0x000000008fa00000, 0x000000008fa00000| Complete 
| 251|0x000000008fb00000, 0x000000008fc00000, 0x000000008fc00000|100%| E|CS|TAMS 0x000000008fb00000, 0x000000008fb00000| Complete 

Card table byte_map: [0x00000166498f0000,0x0000016649cf0000] _byte_map_base: 0x00000166494f0000

Marking Bits (Prev, Next): (CMBitMap*) 0x0000016635fae778, (CMBitMap*) 0x0000016635fae7b0
 Prev Bits: [0x000001664a0f0000, 0x000001664c0f0000)
 Next Bits: [0x000001664c0f0000, 0x000001664e0f0000)

Polling page: 0x00000166346b0000

Metaspace:

Usage:
  Non-class:     39.04 MB capacity,    38.38 MB ( 98%) used,   569.45 KB (  1%) free+waste,   106.63 KB ( <1%) overhead. 
      Class:      6.05 MB capacity,     5.68 MB ( 94%) used,   331.56 KB (  5%) free+waste,    51.06 KB ( <1%) overhead. 
       Both:     45.09 MB capacity,    44.05 MB ( 98%) used,   901.02 KB (  2%) free+waste,   157.69 KB ( <1%) overhead. 

Virtual space:
  Non-class space:       40.00 MB reserved,      39.25 MB ( 98%) committed 
      Class space:        1.00 GB reserved,       6.13 MB ( <1%) committed 
             Both:        1.04 GB reserved,      45.38 MB (  4%) committed 

Chunk freelists:
   Non-Class:  26.00 KB
       Class:  12.00 KB
        Both:  38.00 KB

MaxMetaspaceSize: 17179869184.00 GB
CompressedClassSpaceSize: 1.00 GB
Initial GC threshold: 20.80 MB
Current GC threshold: 58.75 MB
CDS: off

CodeHeap 'non-profiled nmethods': size=120000Kb used=2284Kb max_used=2284Kb free=117715Kb
 bounds [0x0000016641550000, 0x00000166417c0000, 0x0000016648a80000]
CodeHeap 'profiled nmethods': size=120000Kb used=8098Kb max_used=8098Kb free=111901Kb
 bounds [0x000001663a020000, 0x000001663a810000, 0x0000016641550000]
CodeHeap 'non-nmethods': size=5760Kb used=2294Kb max_used=2343Kb free=3465Kb
 bounds [0x0000016639a80000, 0x0000016639cf0000, 0x000001663a020000]
 total_blobs=4576 nmethods=3803 adapters=685
 compilation: enabled
              stopped_count=0, restarted_count=0
 full_count=0

Compilation events (20 events):
Event: 4.858 Thread 0x000001665147b800 3793       3       org.gradle.internal.instantiation.generator.AsmBackedClassGenerator$ClassBuilderImpl::applyConventionMappingToGetter (479 bytes)
Event: 4.860 Thread 0x000001665147b800 nmethod 3793 0x000001663a801110 code [0x000001663a801720, 0x000001663a8043e8]
Event: 4.860 Thread 0x000001665147b800 3794       3       org.gradle.internal.instantiation.generator.AsmBackedClassGenerator$ClassBuilderImpl::applyConventionMappingToProperty (34 bytes)
Event: 4.861 Thread 0x000001665147b800 nmethod 3794 0x000001663a805490 code [0x000001663a8056e0, 0x000001663a805d68]
Event: 4.861 Thread 0x000001665147b800 3795       3       com.google.common.collect.LinkedHashMultimap::createCollection (14 bytes)
Event: 4.861 Thread 0x000001665147b800 nmethod 3795 0x000001663a806010 code [0x000001663a8061c0, 0x000001663a806368]
Event: 4.861 Thread 0x000001665147b800 3798       3       java.lang.invoke.LambdaForm::forceInterpretation (14 bytes)
Event: 4.861 Thread 0x000001665147b800 nmethod 3798 0x000001663a806410 code [0x000001663a8065c0, 0x000001663a806718]
Event: 4.861 Thread 0x000001665147b800 3797       3       java.lang.invoke.LambdaForm::fixResult (31 bytes)
Event: 4.861 Thread 0x0000016651475800 3799       4       java.lang.invoke.MethodTypeForm::canonicalize (233 bytes)
Event: 4.861 Thread 0x000001665147b800 nmethod 3797 0x000001663a806790 code [0x000001663a806940, 0x000001663a806b18]
Event: 4.862 Thread 0x0000016651475800 nmethod 3799 0x000001664178a510 code [0x000001664178a6a0, 0x000001664178a778]
Event: 4.867 Thread 0x000001665147b800 3803       3       org.gradle.internal.instantiation.generator.AbstractClassGenerator$ClassGenerationHandler::<init> (5 bytes)
Event: 4.867 Thread 0x000001665147b800 nmethod 3803 0x000001663a806c10 code [0x000001663a806dc0, 0x000001663a806f78]
Event: 4.867 Thread 0x000001665147b800 3804       3       org.gradle.internal.instantiation.generator.AbstractClassGenerator$ClassGenerationHandler::<init> (5 bytes)
Event: 4.867 Thread 0x000001665147b800 nmethod 3804 0x000001663a807090 code [0x000001663a807240, 0x000001663a807398]
Event: 4.881 Thread 0x0000016651475800 3805       4       java.lang.ClassLoader::loadClass (7 bytes)
Event: 4.881 Thread 0x0000016651475800 nmethod 3805 0x000001664178a890 code [0x000001664178aa20, 0x000001664178aa98]
Event: 4.882 Thread 0x000001665147b800 3806       1       java.lang.invoke.DirectMethodHandle$Special::isInvokeSpecial (2 bytes)
Event: 4.882 Thread 0x000001665147b800 nmethod 3806 0x000001664178ab90 code [0x000001664178ad40, 0x000001664178adf8]

GC Heap History (10 events):
Event: 0.727 GC heap before
{Heap before GC invocations=0 (full 0):
 garbage-first heap   total 258048K, used 29696K [0x0000000080000000, 0x0000000100000000)
  region size 1024K, 24 young (24576K), 0 survivors (0K)
 Metaspace       used 10157K, capacity 10403K, committed 10624K, reserved 1058816K
  class space    used 1064K, capacity 1106K, committed 1152K, reserved 1048576K
}
Event: 0.730 GC heap after
{Heap after GC invocations=1 (full 0):
 garbage-first heap   total 258048K, used 9250K [0x0000000080000000, 0x0000000100000000)
  region size 1024K, 3 young (3072K), 3 survivors (3072K)
 Metaspace       used 10157K, capacity 10403K, committed 10624K, reserved 1058816K
  class space    used 1064K, capacity 1106K, committed 1152K, reserved 1048576K
}
Event: 2.253 GC heap before
{Heap before GC invocations=1 (full 0):
 garbage-first heap   total 258048K, used 112674K [0x0000000080000000, 0x0000000100000000)
  region size 1024K, 104 young (106496K), 3 survivors (3072K)
 Metaspace       used 20612K, capacity 21085K, committed 21248K, reserved 1067008K
  class space    used 2538K, capacity 2712K, committed 2816K, reserved 1048576K
}
Event: 2.262 GC heap after
{Heap after GC invocations=2 (full 0):
 garbage-first heap   total 258048K, used 16929K [0x0000000080000000, 0x0000000100000000)
  region size 1024K, 11 young (11264K), 11 survivors (11264K)
 Metaspace       used 20612K, capacity 21085K, committed 21248K, reserved 1067008K
  class space    used 2538K, capacity 2712K, committed 2816K, reserved 1048576K
}
Event: 2.616 GC heap before
{Heap before GC invocations=3 (full 0):
 garbage-first heap   total 258048K, used 57889K [0x0000000080000000, 0x0000000100000000)
  region size 1024K, 51 young (52224K), 11 survivors (11264K)
 Metaspace       used 24774K, capacity 25398K, committed 25472K, reserved 1071104K
  class space    used 3171K, capacity 3388K, committed 3456K, reserved 1048576K
}
Event: 2.622 GC heap after
{Heap after GC invocations=4 (full 0):
 garbage-first heap   total 258048K, used 18921K [0x0000000080000000, 0x0000000100000000)
  region size 1024K, 2 young (2048K), 2 survivors (2048K)
 Metaspace       used 24774K, capacity 25398K, committed 25472K, reserved 1071104K
  class space    used 3171K, capacity 3388K, committed 3456K, reserved 1048576K
}
Event: 3.578 GC heap before
{Heap before GC invocations=4 (full 0):
 garbage-first heap   total 258048K, used 91625K [0x0000000080000000, 0x0000000100000000)
  region size 1024K, 74 young (75776K), 2 survivors (2048K)
 Metaspace       used 35055K, capacity 35799K, committed 35840K, reserved 1081344K
  class space    used 4557K, capacity 4843K, committed 4864K, reserved 1048576K
}
Event: 3.585 GC heap after
{Heap after GC invocations=5 (full 0):
 garbage-first heap   total 258048K, used 22531K [0x0000000080000000, 0x0000000100000000)
  region size 1024K, 6 young (6144K), 6 survivors (6144K)
 Metaspace       used 35055K, capacity 35799K, committed 35840K, reserved 1081344K
  class space    used 4557K, capacity 4843K, committed 4864K, reserved 1048576K
}
Event: 4.884 GC heap before
{Heap before GC invocations=6 (full 0):
 garbage-first heap   total 258048K, used 138243K [0x0000000080000000, 0x0000000100000000)
  region size 1024K, 116 young (118784K), 6 survivors (6144K)
 Metaspace       used 44665K, capacity 45623K, committed 45824K, reserved 1089536K
  class space    used 5738K, capacity 6099K, committed 6144K, reserved 1048576K
}
Event: 4.896 GC heap after
{Heap after GC invocations=7 (full 0):
 garbage-first heap   total 258048K, used 29819K [0x0000000080000000, 0x0000000100000000)
  region size 1024K, 13 young (13312K), 13 survivors (13312K)
 Metaspace       used 44665K, capacity 45623K, committed 45824K, reserved 1089536K
  class space    used 5738K, capacity 6099K, committed 6144K, reserved 1048576K
}

Deoptimization events (20 events):
Event: 4.667 Thread 0x00000166541e2800 Uncommon trap: trap_request=0xffffff4d fr.pc=0x00000166416c34bc relative=0x000000000000193c
Event: 4.667 Thread 0x00000166541e2800 Uncommon trap: reason=unstable_if action=reinterpret pc=0x00000166416c34bc method=java.util.concurrent.ConcurrentHashMap.computeIfAbsent(Ljava/lang/Object;Ljava/util/function/Function;)Ljava/lang/Object; @ 123 c2
Event: 4.667 Thread 0x00000166541e2800 DEOPT PACKING pc=0x00000166416c34bc sp=0x000000112b0fa7a0
Event: 4.667 Thread 0x00000166541e2800 DEOPT UNPACKING pc=0x0000016639a885af sp=0x000000112b0fa730 mode 2
Event: 4.731 Thread 0x00000166541e2800 Uncommon trap: trap_request=0xffffff4d fr.pc=0x0000016641734a78 relative=0x0000000000005738
Event: 4.731 Thread 0x00000166541e2800 Uncommon trap: reason=unstable_if action=reinterpret pc=0x0000016641734a78 method=java.net.URLClassLoader.defineClass(Ljava/lang/String;Ljdk/internal/loader/Resource;)Ljava/lang/Class; @ 21 c2
Event: 4.731 Thread 0x00000166541e2800 DEOPT PACKING pc=0x0000016641734a78 sp=0x000000112b0f8b30
Event: 4.731 Thread 0x00000166541e2800 DEOPT UNPACKING pc=0x0000016639a885af sp=0x000000112b0f8ae8 mode 2
Event: 4.747 Thread 0x00000166541e2800 Uncommon trap: trap_request=0xffffff7e fr.pc=0x0000016641673c20 relative=0x0000000000000240
Event: 4.747 Thread 0x00000166541e2800 Uncommon trap: reason=predicate action=maybe_recompile pc=0x0000016641673c20 method=com.google.common.base.CharMatcher.indexIn(Ljava/lang/CharSequence;I)I @ 19 c2
Event: 4.747 Thread 0x00000166541e2800 DEOPT PACKING pc=0x0000016641673c20 sp=0x000000112b0f8380
Event: 4.747 Thread 0x00000166541e2800 DEOPT UNPACKING pc=0x0000016639a885af sp=0x000000112b0f8318 mode 2
Event: 4.795 Thread 0x00000166541e2800 Uncommon trap: trap_request=0xffffff4d fr.pc=0x0000016641746784 relative=0x0000000000005b84
Event: 4.795 Thread 0x00000166541e2800 Uncommon trap: reason=unstable_if action=reinterpret pc=0x0000016641746784 method=org.objectweb.asm.Frame.execute(IILorg/objectweb/asm/Symbol;Lorg/objectweb/asm/SymbolTable;)V @ 1 c2
Event: 4.795 Thread 0x00000166541e2800 DEOPT PACKING pc=0x0000016641746784 sp=0x000000112b0f99d0
Event: 4.795 Thread 0x00000166541e2800 DEOPT UNPACKING pc=0x0000016639a885af sp=0x000000112b0f9988 mode 2
Event: 4.826 Thread 0x00000166541e2800 Uncommon trap: trap_request=0xffffff4d fr.pc=0x00000166415b218c relative=0x00000000000001cc
Event: 4.826 Thread 0x00000166541e2800 Uncommon trap: reason=unstable_if action=reinterpret pc=0x00000166415b218c method=java.net.URI$Parser.scan(IILjava/lang/String;)I @ 26 c2
Event: 4.826 Thread 0x00000166541e2800 DEOPT PACKING pc=0x00000166415b218c sp=0x000000112b0f9150
Event: 4.826 Thread 0x00000166541e2800 DEOPT UNPACKING pc=0x0000016639a885af sp=0x000000112b0f90e0 mode 2

Classes redefined (0 events):
No events

Internal exceptions (20 events):
Event: 4.415 Thread 0x00000166541e2800 Exception <a 'java/lang/ClassNotFoundException'{0x000000008bddbc08}: org/gradle/api/internal/provider/AbstractPropertyCustomizer> (0x000000008bddbc08) thrown at [./src/hotspot/share/classfile/systemDictionary.cpp, line 231]
Event: 4.416 Thread 0x00000166541e2800 Exception <a 'java/lang/ClassNotFoundException'{0x000000008bc0eb10}: org/gradle/api/internal/provider/DefaultPropertyCustomizer> (0x000000008bc0eb10) thrown at [./src/hotspot/share/classfile/systemDictionary.cpp, line 231]
Event: 4.450 Thread 0x00000166541e2800 Exception <a 'java/lang/ClassNotFoundException'{0x000000008ba179e8}: org/gradle/initialization/DefaultProjectDescriptorBeanInfo> (0x000000008ba179e8) thrown at [./src/hotspot/share/classfile/systemDictionary.cpp, line 231]
Event: 4.450 Thread 0x00000166541e2800 Exception <a 'java/lang/ClassNotFoundException'{0x000000008ba3daa8}: org/gradle/initialization/DefaultProjectDescriptorCustomizer> (0x000000008ba3daa8) thrown at [./src/hotspot/share/classfile/systemDictionary.cpp, line 231]
Event: 4.453 Thread 0x00000166541e2800 Implicit null exception at 0x00000166416b626f to 0x00000166416b6318
Event: 4.558 Thread 0x0000016653936000 Exception <a 'java/lang/NoSuchMethodError'{0x000000008fb8ebf8}: <clinit>> (0x000000008fb8ebf8) thrown at [./src/hotspot/share/prims/jni.cpp, line 1365]
Event: 4.558 Thread 0x0000016653936000 Exception <a 'java/lang/NoSuchMethodError'{0x000000008fb902e8}: <clinit>> (0x000000008fb902e8) thrown at [./src/hotspot/share/prims/jni.cpp, line 1365]
Event: 4.560 Thread 0x0000016653936000 Exception <a 'java/lang/NoSuchMethodError'{0x000000008aa8bae0}: <clinit>> (0x000000008aa8bae0) thrown at [./src/hotspot/share/prims/jni.cpp, line 1365]
Event: 4.560 Thread 0x0000016653936000 Exception <a 'java/lang/NoSuchMethodError'{0x000000008aa8de68}: <clinit>> (0x000000008aa8de68) thrown at [./src/hotspot/share/prims/jni.cpp, line 1365]
Event: 4.562 Thread 0x0000016653936000 Exception <a 'java/lang/NoSuchMethodError'{0x000000008a9087c8}: <clinit>> (0x000000008a9087c8) thrown at [./src/hotspot/share/prims/jni.cpp, line 1365]
Event: 4.623 Thread 0x00000166541e2800 Implicit null exception at 0x000001664163c074 to 0x000001664163c284
Event: 4.623 Thread 0x00000166541e2800 Implicit null exception at 0x0000016641594ff8 to 0x000001664159508a
Event: 4.736 Thread 0x00000166541e2800 Exception <a 'java/lang/ClassNotFoundException'{0x00000000897336f8}: build_4waj1i5pt6fcn16avtwhhi6ksBeanInfo> (0x00000000897336f8) thrown at [./src/hotspot/share/classfile/systemDictionary.cpp, line 231]
Event: 4.736 Thread 0x00000166541e2800 Exception <a 'java/lang/ClassNotFoundException'{0x000000008974a690}: org/gradle/api/internal/project/ProjectScriptBeanInfo> (0x000000008974a690) thrown at [./src/hotspot/share/classfile/systemDictionary.cpp, line 231]
Event: 4.737 Thread 0x00000166541e2800 Exception <a 'java/lang/ClassNotFoundException'{0x0000000089761550}: org/gradle/api/internal/project/ProjectScriptCustomizer> (0x0000000089761550) thrown at [./src/hotspot/share/classfile/systemDictionary.cpp, line 231]
Event: 4.738 Thread 0x00000166541e2800 Exception <a 'java/lang/ClassNotFoundException'{0x000000008977c7d0}: build_4waj1i5pt6fcn16avtwhhi6ksCustomizer> (0x000000008977c7d0) thrown at [./src/hotspot/share/classfile/systemDictionary.cpp, line 231]
Event: 4.745 Thread 0x00000166541e2800 Exception <a 'java/lang/ClassNotFoundException'{0x0000000089610200}: org/gradle/plugin/use/internal/PluginRequestCollector$PluginDependenciesSpecImplBeanInfo> (0x0000000089610200) thrown at [./src/hotspot/share/classfile/systemDictionary.cpp, line 231]
Event: 4.746 Thread 0x00000166541e2800 Exception <a 'java/lang/ClassNotFoundException'{0x000000008963f180}: org/gradle/plugin/use/internal/PluginRequestCollector$PluginDependenciesSpecImplCustomizer> (0x000000008963f180) thrown at [./src/hotspot/share/classfile/systemDictionary.cpp, line 231]
Event: 4.749 Thread 0x00000166541e2800 Exception <a 'java/lang/ClassNotFoundException'{0x00000000896a72a8}: org/gradle/plugin/use/internal/PluginRequestCollector$PluginDependencySpecImplBeanInfo> (0x00000000896a72a8) thrown at [./src/hotspot/share/classfile/systemDictionary.cpp, line 231]
Event: 4.749 Thread 0x00000166541e2800 Exception <a 'java/lang/ClassNotFoundException'{0x00000000896d5408}: org/gradle/plugin/use/internal/PluginRequestCollector$PluginDependencySpecImplCustomizer> (0x00000000896d5408) thrown at [./src/hotspot/share/classfile/systemDictionary.cpp, line 231]

Events (20 events):
Event: 4.898 loading class org/gradle/internal/resource/transport/http/DefaultHttpSettings$Builder
Event: 4.898 loading class org/gradle/internal/resource/transport/http/DefaultHttpSettings$Builder done
Event: 4.899 loading class org/gradle/internal/resource/transport/http/HttpSettings$RedirectMethodHandlingStrategy
Event: 4.899 loading class org/gradle/internal/resource/transport/http/HttpSettings$RedirectMethodHandlingStrategy done
Event: 4.899 loading class org/apache/http/conn/ssl/DefaultHostnameVerifier
Event: 4.899 loading class org/apache/http/conn/ssl/DefaultHostnameVerifier done
Event: 4.900 loading class javax/net/ssl/SSLException
Event: 4.900 loading class javax/net/ssl/SSLException done
Event: 4.900 loading class javax/net/ssl/SSLPeerUnverifiedException
Event: 4.900 loading class javax/net/ssl/SSLPeerUnverifiedException done
Event: 4.900 loading class javax/naming/NamingException
Event: 4.900 loading class javax/naming/NamingException done
Event: 4.900 loading class javax/naming/InvalidNameException
Event: 4.900 loading class javax/naming/InvalidNameException done
Event: 4.900 loading class java/security/cert/CertificateParsingException
Event: 4.900 loading class java/security/cert/CertificateException
Event: 4.901 loading class java/security/cert/CertificateException done
Event: 4.901 loading class java/security/cert/CertificateParsingException done
Event: 4.901 loading class org/apache/commons/logging/LogFactory
Event: 4.901 loading class org/apache/commons/logging/LogFactory done


Dynamic libraries:
0x00007ff7efba0000 - 0x00007ff7efbaa000 	C:\Program Files\Android\Android Studio\jre\bin\java.exe
0x00007ffa049d0000 - 0x00007ffa04bc7000 	C:\WINDOWS\SYSTEM32\ntdll.dll
0x00007ffa04770000 - 0x00007ffa0482d000 	C:\WINDOWS\System32\KERNEL32.DLL
0x00007ffa02540000 - 0x00007ffa0280d000 	C:\WINDOWS\System32\KERNELBASE.dll
0x00007ffa02120000 - 0x00007ffa02220000 	C:\WINDOWS\System32\ucrtbase.dll
0x00007ff9fac20000 - 0x00007ff9fac37000 	C:\Program Files\Android\Android Studio\jre\bin\VCRUNTIME140.dll
0x00007ff9f8fd0000 - 0x00007ff9f8fe9000 	C:\Program Files\Android\Android Studio\jre\bin\jli.dll
0x00007ffa03e20000 - 0x00007ffa03fc0000 	C:\WINDOWS\System32\USER32.dll
0x00007ffa02a00000 - 0x00007ffa02a22000 	C:\WINDOWS\System32\win32u.dll
0x00007ffa03d90000 - 0x00007ffa03dba000 	C:\WINDOWS\System32\GDI32.dll
0x00007ffa028a0000 - 0x00007ffa029ab000 	C:\WINDOWS\System32\gdi32full.dll
0x00007ffa02430000 - 0x00007ffa024cd000 	C:\WINDOWS\System32\msvcp_win.dll
0x00007ff9e72b0000 - 0x00007ff9e754a000 	C:\WINDOWS\WinSxS\amd64_microsoft.windows.common-controls_6595b64144ccf1df_6.0.19041.1110_none_60b5254171f9507e\COMCTL32.dll
0x00007ffa039c0000 - 0x00007ffa03a5e000 	C:\WINDOWS\System32\msvcrt.dll
0x00007ffa03990000 - 0x00007ffa039c0000 	C:\WINDOWS\System32\IMM32.DLL
0x00007ff9f7690000 - 0x00007ff9f772d000 	C:\Program Files\Android\Android Studio\jre\bin\msvcp140.dll
0x00007ff9bb700000 - 0x00007ff9bc1e5000 	C:\Program Files\Android\Android Studio\jre\bin\server\jvm.dll
0x00007ffa048e0000 - 0x00007ffa0498e000 	C:\WINDOWS\System32\ADVAPI32.dll
0x00007ffa04320000 - 0x00007ffa043bc000 	C:\WINDOWS\System32\sechost.dll
0x00007ffa03860000 - 0x00007ffa03985000 	C:\WINDOWS\System32\RPCRT4.dll
0x00007ffa04470000 - 0x00007ffa04478000 	C:\WINDOWS\System32\PSAPI.DLL
0x00007ff9fcc30000 - 0x00007ff9fcc57000 	C:\WINDOWS\SYSTEM32\WINMM.dll
0x00007ff9f70c0000 - 0x00007ff9f70c9000 	C:\WINDOWS\SYSTEM32\WSOCK32.dll
0x00007ff9f4180000 - 0x00007ff9f418a000 	C:\WINDOWS\SYSTEM32\VERSION.dll
0x00007ffa03b90000 - 0x00007ffa03bfb000 	C:\WINDOWS\System32\WS2_32.dll
0x00007ffa00980000 - 0x00007ffa00992000 	C:\WINDOWS\SYSTEM32\kernel.appcore.dll
0x00007ff9e2f10000 - 0x00007ff9e2f21000 	C:\Program Files\Android\Android Studio\jre\bin\verify.dll
0x00007ff9ffd90000 - 0x00007ff9fff74000 	C:\WINDOWS\SYSTEM32\DBGHELP.DLL
0x00007ff9fcbc0000 - 0x00007ff9fcbec000 	C:\WINDOWS\SYSTEM32\dbgcore.DLL
0x00007ffa02810000 - 0x00007ffa02892000 	C:\WINDOWS\System32\bcryptPrimitives.dll
0x00007ff9e0bc0000 - 0x00007ff9e0be9000 	C:\Program Files\Android\Android Studio\jre\bin\java.dll
0x00007ff9e9c60000 - 0x00007ff9e9c6b000 	C:\Program Files\Android\Android Studio\jre\bin\jimage.dll
0x00007ff9e09f0000 - 0x00007ff9e0a08000 	C:\Program Files\Android\Android Studio\jre\bin\zip.dll
0x00007ffa02b70000 - 0x00007ffa032b4000 	C:\WINDOWS\System32\SHELL32.dll
0x00007ffa001d0000 - 0x00007ffa00964000 	C:\WINDOWS\SYSTEM32\windows.storage.dll
0x00007ffa03fc0000 - 0x00007ffa04314000 	C:\WINDOWS\System32\combase.dll
0x00007ffa01b50000 - 0x00007ffa01b7c000 	C:\WINDOWS\SYSTEM32\Wldp.dll
0x00007ffa02ab0000 - 0x00007ffa02b5d000 	C:\WINDOWS\System32\SHCORE.dll
0x00007ffa03730000 - 0x00007ffa03785000 	C:\WINDOWS\System32\shlwapi.dll
0x00007ffa02030000 - 0x00007ffa0204f000 	C:\WINDOWS\SYSTEM32\profapi.dll
0x00007ff9df990000 - 0x00007ff9df9aa000 	C:\Program Files\Android\Android Studio\jre\bin\net.dll
0x00007ff9f9fd0000 - 0x00007ff9fa0da000 	C:\WINDOWS\SYSTEM32\WINHTTP.dll
0x00007ffa018b0000 - 0x00007ffa0191a000 	C:\WINDOWS\system32\mswsock.dll
0x00007ff9df970000 - 0x00007ff9df984000 	C:\Program Files\Android\Android Studio\jre\bin\nio.dll
0x00007ff9f8cb0000 - 0x00007ff9f8cd7000 	C:\Users\hanmw\.gradle\native\e1d6ef7f7dcc3fd88c89a11ec53ec762bb8ba0a96d01ffa2cd45eb1d1d8dd5c5\windows-amd64\native-platform.dll
0x00007ff9c44f0000 - 0x00007ff9c4634000 	C:\Users\hanmw\.gradle\native\5664cfc778a61ccfe75a443a1ab52a65af34e5dc3c78e0209fed803814484fcb\windows-amd64\native-platform-file-events.dll
0x00007ff9e9b80000 - 0x00007ff9e9b8a000 	C:\Program Files\Android\Android Studio\jre\bin\management.dll
0x00007ff9e3300000 - 0x00007ff9e330d000 	C:\Program Files\Android\Android Studio\jre\bin\management_ext.dll
0x00007ffa01aa0000 - 0x00007ffa01ab8000 	C:\WINDOWS\SYSTEM32\CRYPTSP.dll
0x00007ffa011c0000 - 0x00007ffa011f4000 	C:\WINDOWS\system32\rsaenh.dll
0x00007ffa020f0000 - 0x00007ffa02117000 	C:\WINDOWS\System32\bcrypt.dll
0x00007ffa01ff0000 - 0x00007ffa0201e000 	C:\WINDOWS\SYSTEM32\USERENV.dll
0x00007ffa01ac0000 - 0x00007ffa01acc000 	C:\WINDOWS\SYSTEM32\CRYPTBASE.dll
0x00007ffa01550000 - 0x00007ffa0158b000 	C:\WINDOWS\SYSTEM32\IPHLPAPI.DLL
0x00007ffa02b60000 - 0x00007ffa02b68000 	C:\WINDOWS\System32\NSI.dll
0x00007ff9f6e00000 - 0x00007ff9f6e17000 	C:\WINDOWS\SYSTEM32\dhcpcsvc6.DLL
0x00007ff9f6f30000 - 0x00007ff9f6f4d000 	C:\WINDOWS\SYSTEM32\dhcpcsvc.DLL
0x00007ffa01590000 - 0x00007ffa0165b000 	C:\WINDOWS\SYSTEM32\DNSAPI.dll

dbghelp: loaded successfully - version: 4.0.5 - missing functions: none
symbol engine: initialized successfully - sym options: 0x614 - pdb path: .;C:\Program Files\Android\Android Studio\jre\bin;C:\WINDOWS\SYSTEM32;C:\WINDOWS\WinSxS\amd64_microsoft.windows.common-controls_6595b64144ccf1df_6.0.19041.1110_none_60b5254171f9507e;C:\Program Files\Android\Android Studio\jre\bin\server;C:\Users\hanmw\.gradle\native\e1d6ef7f7dcc3fd88c89a11ec53ec762bb8ba0a96d01ffa2cd45eb1d1d8dd5c5\windows-amd64;C:\Users\hanmw\.gradle\native\5664cfc778a61ccfe75a443a1ab52a65af34e5dc3c78e0209fed803814484fcb\windows-amd64

VM Arguments:
jvm_args: --add-opens=java.base/java.util=ALL-UNNAMED --add-opens=java.base/java.lang=ALL-UNNAMED --add-opens=java.base/java.lang.invoke=ALL-UNNAMED --add-opens=java.base/java.util=ALL-UNNAMED --add-opens=java.prefs/java.util.prefs=ALL-UNNAMED --add-opens=java.prefs/java.util.prefs=ALL-UNNAMED --add-opens=java.base/java.nio.charset=ALL-UNNAMED --add-opens=java.base/java.net=ALL-UNNAMED --add-opens=java.base/java.util.concurrent.atomic=ALL-UNNAMED -Xmx2048m -Dfile.encoding=UTF-8 -Duser.country=KR -Duser.language=ko -Duser.variant 
java_command: org.gradle.launcher.daemon.bootstrap.GradleDaemon 7.3.3
java_class_path (initial): C:\Users\hanmw\.gradle\wrapper\dists\gradle-7.3.3-bin\6a41zxkdtcxs8rphpq6y0069z\gradle-7.3.3\lib\gradle-launcher-7.3.3.jar
Launcher Type: SUN_STANDARD

[Global flags]
     intx CICompilerCount                          = 4                                         {product} {ergonomic}
     uint ConcGCThreads                            = 2                                         {product} {ergonomic}
     uint G1ConcRefinementThreads                  = 8                                         {product} {ergonomic}
   size_t G1HeapRegionSize                         = 1048576                                   {product} {ergonomic}
    uintx GCDrainStackTargetSize                   = 64                                        {product} {ergonomic}
   size_t InitialHeapSize                          = 264241152                                 {product} {ergonomic}
   size_t MarkStackSize                            = 4194304                                   {product} {ergonomic}
   size_t MaxHeapSize                              = 2147483648                                {product} {command line}
   size_t MaxNewSize                               = 1287651328                                {product} {ergonomic}
   size_t MinHeapDeltaBytes                        = 1048576                                   {product} {ergonomic}
    uintx NonNMethodCodeHeapSize                   = 5836300                                {pd product} {ergonomic}
    uintx NonProfiledCodeHeapSize                  = 122910970                              {pd product} {ergonomic}
    uintx ProfiledCodeHeapSize                     = 122910970                              {pd product} {ergonomic}
    uintx ReservedCodeCacheSize                    = 251658240                              {pd product} {ergonomic}
     bool SegmentedCodeCache                       = true                                      {product} {ergonomic}
     bool UseCompressedClassPointers               = true                                 {lp64_product} {ergonomic}
     bool UseCompressedOops                        = true                                 {lp64_product} {ergonomic}
     bool UseG1GC                                  = true                                      {product} {ergonomic}
     bool UseLargePagesIndividualAllocation        = false                                  {pd product} {ergonomic}

Logging:
Log output configuration:
 #0: stdout all=warning uptime,level,tags
 #1: stderr all=off uptime,level,tags

Environment Variables:
PATH=C:\WINDOWS\system32;C:\WINDOWS;C:\WINDOWS\System32\Wbem;C:\WINDOWS\System32\WindowsPowerShell\v1.0\;C:\WINDOWS\System32\OpenSSH\;C:\Program Files\Git\cmd;C:\Users\hanmw\anaconda3;C:\Users\hanmw\anaconda3\Library\mingw-w64\bin;C:\Users\hanmw\anaconda3\Library\usr\bin;C:\Users\hanmw\anaconda3\Library\bin;C:\Users\hanmw\anaconda3\Scripts;C:\Users\hanmw\AppData\Local\Microsoft\WindowsApps;C:\Users\hanmw\AppData\Local\Programs\Microsoft VS Code\bin;C:\ProgramData\Anaconda3\Library\bin;C:\Users\hanmw\anaconda3\Library
USERNAME=hanmw
OS=Windows_NT
PROCESSOR_IDENTIFIER=Intel64 Family 6 Model 140 Stepping 1, GenuineIntel



---------------  S Y S T E M  ---------------

OS: Windows 10 , 64 bit Build 19041 (10.0.19041.1741)
OS uptime: 7 days 1:40 hours

CPU:total 8 (initial active 8) (4 cores per cpu, 2 threads per core) family 6 model 140 stepping 1 microcode 0x8a, cmov, cx8, fxsr, mmx, sse, sse2, sse3, ssse3, sse4.1, sse4.2, popcnt, avx, avx2, aes, clmul, erms, 3dnowpref, lzcnt, ht, tsc, tscinvbit, bmi1, bmi2, adx, evex, sha, fma

Memory: 4k page, system-wide physical 16092M (4325M free)
TotalPageFile size 44446M (AvailPageFile size 35M)
current process WorkingSet (physical memory assigned to process): 330M, peak: 330M
current process commit charge ("private bytes"): 470M, peak: 472M

vm_info: OpenJDK 64-Bit Server VM (11.0.12+7-b1504.28-7817840) for windows-amd64 JRE (11.0.12+7-b1504.28-7817840), built on Oct 13 2021 22:12:33 by "builder" with MS VC++ 14.0 (VS2015)

END.
